<?xml version="1.0" encoding="UTF-8"?>
<!-- Generated by org.testng.reporters.JUnitXMLReporter -->
<testsuite ignored="3" hostname="DESKTOP-T80B7CO" failures="0" tests="1" name="Default test" time="10.193" errors="0" timestamp="2025-03-21T11:29:51 IST">
  <testcase classname="testcase.LoginTest" name="verifyTITLEOFApplication" time="0.011"/>
  <testcase classname="testcase.LoginTest" name="verifyMultiUserTest" time="0.0">
    <ignored/>
  </testcase> <!-- verifyMultiUserTest -->
  <testcase classname="testcase.LoginTest" name="loginToApplication" time="0.0">
    <ignored/>
  </testcase> <!-- loginToApplication -->
  <testcase classname="testcase.LoginTest" name="verifyURLOFApplication" time="0.0">
    <ignored/>
  </testcase> <!-- verifyURLOFApplication -->
</testsuite> <!-- Default test -->
