<?xml version="1.0" encoding="UTF-8"?>
<testng-results ignored="3" total="4" passed="1" failed="0" skipped="0">
  <reporter-output>
    <line>
      <![CDATA[Login successful https://www.saucedemo.com/inventory.html]]>
    </line>
  </reporter-output>
  <suite started-at="2025-03-20T12:50:27 IST" name="Default suite" finished-at="2025-03-20T12:50:41 IST" duration-ms="13519">
    <groups>
    </groups>
    <test started-at="2025-03-20T12:50:27 IST" name="Default test" finished-at="2025-03-20T12:50:41 IST" duration-ms="13519">
      <class name="testcase.LoginTest">
        <test-method is-config="true" signature="setup()[pri:0, instance:testcase.LoginTest@14028087]" started-at="2025-03-20T12:50:27 IST" name="setup" finished-at="2025-03-20T12:50:35 IST" duration-ms="7622" status="PASS">
          <reporter-output>
          </reporter-output>
        </test-method> <!-- setup -->
        <test-method signature="loginToApplication()[pri:0, instance:testcase.LoginTest@14028087]" started-at="2025-03-20T12:50:35 IST" name="loginToApplication" finished-at="2025-03-20T12:50:36 IST" duration-ms="754" status="PASS">
          <reporter-output>
            <line>
              <![CDATA[Login successful https://www.saucedemo.com/inventory.html]]>
            </line>
          </reporter-output>
        </test-method> <!-- loginToApplication -->
        <test-method is-config="true" signature="closebrowser()[pri:0, instance:testcase.LoginTest@14028087]" started-at="2025-03-20T12:50:36 IST" name="closebrowser" finished-at="2025-03-20T12:50:41 IST" duration-ms="5103" status="PASS">
          <reporter-output>
          </reporter-output>
        </test-method> <!-- closebrowser -->
      </class> <!-- testcase.LoginTest -->
    </test> <!-- Default test -->
  </suite> <!-- Default suite -->
</testng-results>
