<?xml version="1.0" encoding="UTF-8"?>
<testng-results ignored="3" total="4" passed="1" failed="0" skipped="0">
  <reporter-output>
  </reporter-output>
  <suite started-at="2025-03-21T11:29:41 IST" name="Default suite" finished-at="2025-03-21T11:29:51 IST" duration-ms="10193">
    <groups>
    </groups>
    <test started-at="2025-03-21T11:29:41 IST" name="Default test" finished-at="2025-03-21T11:29:51 IST" duration-ms="10193">
      <class name="testcase.LoginTest">
        <test-method is-config="true" signature="setup()[pri:0, instance:testcase.LoginTest@14028087]" started-at="2025-03-21T11:29:41 IST" name="setup" finished-at="2025-03-21T11:29:46 IST" duration-ms="5048" status="PASS">
          <reporter-output>
          </reporter-output>
        </test-method> <!-- setup -->
        <test-method signature="verifyTITLEOFApplication()[pri:0, instance:testcase.LoginTest@14028087]" started-at="2025-03-21T11:29:46 IST" name="verifyTITLEOFApplication" finished-at="2025-03-21T11:29:46 IST" duration-ms="11" status="PASS">
          <reporter-output>
          </reporter-output>
        </test-method> <!-- verifyTITLEOFApplication -->
        <test-method is-config="true" signature="closebrowser()[pri:0, instance:testcase.LoginTest@14028087]" started-at="2025-03-21T11:29:46 IST" name="closebrowser" finished-at="2025-03-21T11:29:51 IST" duration-ms="5095" status="PASS">
          <reporter-output>
          </reporter-output>
        </test-method> <!-- closebrowser -->
      </class> <!-- testcase.LoginTest -->
    </test> <!-- Default test -->
  </suite> <!-- Default suite -->
</testng-results>
